<?xml version="1.0" encoding="UTF-8"?>
<testsuite name="footprints.delivery.member.MemberServiceTest" tests="1" skipped="0" failures="0" errors="0" timestamp="2022-05-09T15:39:10" hostname="DESKTOP-Q2M92L6" time="0.298">
  <properties/>
  <testcase name="save()" classname="footprints.delivery.member.MemberServiceTest" time="0.298"/>
  <system-out><![CDATA[00:39:05.770 [Test worker] DEBUG org.springframework.test.context.BootstrapUtils - Instantiating CacheAwareContextLoaderDelegate from class [org.springframework.test.context.cache.DefaultCacheAwareContextLoaderDelegate]
00:39:05.787 [Test worker] DEBUG org.springframework.test.context.BootstrapUtils - Instantiating BootstrapContext using constructor [public org.springframework.test.context.support.DefaultBootstrapContext(java.lang.Class,org.springframework.test.context.CacheAwareContextLoaderDelegate)]
00:39:05.820 [Test worker] DEBUG org.springframework.test.context.BootstrapUtils - Instantiating TestContextBootstrapper for test class [footprints.delivery.member.MemberServiceTest] from class [org.springframework.boot.test.context.SpringBootTestContextBootstrapper]
00:39:05.835 [Test worker] INFO org.springframework.boot.test.context.SpringBootTestContextBootstrapper - Neither @ContextConfiguration nor @ContextHierarchy found for test class [footprints.delivery.member.MemberServiceTest], using SpringBootContextLoader
00:39:05.839 [Test worker] DEBUG org.springframework.test.context.support.AbstractContextLoader - Did not detect default resource location for test class [footprints.delivery.member.MemberServiceTest]: class path resource [footprints/delivery/member/MemberServiceTest-context.xml] does not exist
00:39:05.840 [Test worker] DEBUG org.springframework.test.context.support.AbstractContextLoader - Did not detect default resource location for test class [footprints.delivery.member.MemberServiceTest]: class path resource [footprints/delivery/member/MemberServiceTestContext.groovy] does not exist
00:39:05.840 [Test worker] INFO org.springframework.test.context.support.AbstractContextLoader - Could not detect default resource locations for test class [footprints.delivery.member.MemberServiceTest]: no resource found for suffixes {-context.xml, Context.groovy}.
00:39:05.841 [Test worker] INFO org.springframework.test.context.support.AnnotationConfigContextLoaderUtils - Could not detect default configuration classes for test class [footprints.delivery.member.MemberServiceTest]: MemberServiceTest does not declare any static, non-private, non-final, nested classes annotated with @Configuration.
00:39:05.883 [Test worker] DEBUG org.springframework.test.context.support.ActiveProfilesUtils - Could not find an 'annotation declaring class' for annotation type [org.springframework.test.context.ActiveProfiles] and class [footprints.delivery.member.MemberServiceTest]
00:39:05.937 [Test worker] DEBUG org.springframework.context.annotation.ClassPathScanningCandidateComponentProvider - Identified candidate component class: file [C:\HHJ\spring\study\FootPrint\delivery\delivery\build\classes\java\main\footprints\delivery\DeliveryApplication.class]
00:39:05.938 [Test worker] INFO org.springframework.boot.test.context.SpringBootTestContextBootstrapper - Found @SpringBootConfiguration footprints.delivery.DeliveryApplication for test class footprints.delivery.member.MemberServiceTest
00:39:06.038 [Test worker] DEBUG org.springframework.boot.test.context.SpringBootTestContextBootstrapper - @TestExecutionListeners is not present for class [footprints.delivery.member.MemberServiceTest]: using defaults.
00:39:06.038 [Test worker] INFO org.springframework.boot.test.context.SpringBootTestContextBootstrapper - Loaded default TestExecutionListener class names from location [META-INF/spring.factories]: [org.springframework.boot.test.autoconfigure.restdocs.RestDocsTestExecutionListener, org.springframework.boot.test.autoconfigure.web.client.MockRestServiceServerResetTestExecutionListener, org.springframework.boot.test.autoconfigure.web.servlet.MockMvcPrintOnlyOnFailureTestExecutionListener, org.springframework.boot.test.autoconfigure.web.servlet.WebDriverTestExecutionListener, org.springframework.boot.test.autoconfigure.webservices.client.MockWebServiceServerTestExecutionListener, org.springframework.boot.test.mock.mockito.MockitoTestExecutionListener, org.springframework.boot.test.mock.mockito.ResetMocksTestExecutionListener, org.springframework.test.context.web.ServletTestExecutionListener, org.springframework.test.context.support.DirtiesContextBeforeModesTestExecutionListener, org.springframework.test.context.event.ApplicationEventsTestExecutionListener, org.springframework.test.context.support.DependencyInjectionTestExecutionListener, org.springframework.test.context.support.DirtiesContextTestExecutionListener, org.springframework.test.context.transaction.TransactionalTestExecutionListener, org.springframework.test.context.jdbc.SqlScriptsTestExecutionListener, org.springframework.test.context.event.EventPublishingTestExecutionListener]
00:39:06.057 [Test worker] INFO org.springframework.boot.test.context.SpringBootTestContextBootstrapper - Using TestExecutionListeners: [org.springframework.test.context.web.ServletTestExecutionListener@433ffad1, org.springframework.test.context.support.DirtiesContextBeforeModesTestExecutionListener@1fc793c2, org.springframework.test.context.event.ApplicationEventsTestExecutionListener@2575f671, org.springframework.boot.test.mock.mockito.MockitoTestExecutionListener@329a1243, org.springframework.boot.test.autoconfigure.SpringBootDependencyInjectionTestExecutionListener@ecf9fb3, org.springframework.test.context.support.DirtiesContextTestExecutionListener@2d35442b, org.springframework.test.context.transaction.TransactionalTestExecutionListener@27f9e982, org.springframework.test.context.jdbc.SqlScriptsTestExecutionListener@4593ff34, org.springframework.test.context.event.EventPublishingTestExecutionListener@37d3d232, org.springframework.boot.test.autoconfigure.restdocs.RestDocsTestExecutionListener@30c0ccff, org.springframework.boot.test.autoconfigure.web.client.MockRestServiceServerResetTestExecutionListener@581d969c, org.springframework.boot.test.autoconfigure.web.servlet.MockMvcPrintOnlyOnFailureTestExecutionListener@22db8f4, org.springframework.boot.test.autoconfigure.web.servlet.WebDriverTestExecutionListener@2b46a8c1, org.springframework.boot.test.autoconfigure.webservices.client.MockWebServiceServerTestExecutionListener@1d572e62, org.springframework.boot.test.mock.mockito.ResetMocksTestExecutionListener@29caf222]
00:39:06.061 [Test worker] DEBUG org.springframework.test.context.support.AbstractDirtiesContextTestExecutionListener - Before test class: context [DefaultTestContext@2a2bb0eb testClass = MemberServiceTest, testInstance = [null], testMethod = [null], testException = [null], mergedContextConfiguration = [WebMergedContextConfiguration@3c291aad testClass = MemberServiceTest, locations = '{}', classes = '{class footprints.delivery.DeliveryApplication}', contextInitializerClasses = '[]', activeProfiles = '{}', propertySourceLocations = '{}', propertySourceProperties = '{org.springframework.boot.test.context.SpringBootTestContextBootstrapper=true}', contextCustomizers = set[org.springframework.boot.test.autoconfigure.actuate.metrics.MetricsExportContextCustomizerFactory$DisableMetricExportContextCustomizer@25b2cfcb, org.springframework.boot.test.autoconfigure.properties.PropertyMappingContextCustomizer@0, org.springframework.boot.test.autoconfigure.web.servlet.WebDriverContextCustomizerFactory$Customizer@4504d271, org.springframework.boot.test.context.filter.ExcludeFilterContextCustomizer@2b5825fa, org.springframework.boot.test.json.DuplicateJsonObjectContextCustomizerFactory$DuplicateJsonObjectContextCustomizer@163d04ff, org.springframework.boot.test.mock.mockito.MockitoContextCustomizer@0, org.springframework.boot.test.web.client.TestRestTemplateContextCustomizer@79145d5a, org.springframework.boot.test.context.SpringBootTestArgs@1, org.springframework.boot.test.context.SpringBootTestWebEnvironment@7905a0b8], resourceBasePath = 'src/main/webapp', contextLoader = 'org.springframework.boot.test.context.SpringBootContextLoader', parent = [null]], attributes = map['org.springframework.test.context.web.ServletTestExecutionListener.activateListener' -> true]], class annotated with @DirtiesContext [false] with mode [null].

  .   ____          _            __ _ _
 /\\ / ___'_ __ _ _(_)_ __  __ _ \ \ \ \
( ( )\___ | '_ | '_| | '_ \/ _` | \ \ \ \
 \\/  ___)| |_)| | | | | || (_| |  ) ) ) )
  '  |____| .__|_| |_|_| |_\__, | / / / /
 =========|_|==============|___/=/_/_/_/
 :: Spring Boot ::                (v2.6.7)

2022-05-10 00:39:06.492  INFO 6972 --- [    Test worker] f.delivery.member.MemberServiceTest      : Starting MemberServiceTest using Java 11.0.14.1 on DESKTOP-Q2M92L6 with PID 6972 (started by HHJ in C:\HHJ\spring\study\FootPrint\delivery\delivery)
2022-05-10 00:39:06.493  INFO 6972 --- [    Test worker] f.delivery.member.MemberServiceTest      : No active profile set, falling back to 1 default profile: "default"
2022-05-10 00:39:07.088  INFO 6972 --- [    Test worker] .s.d.r.c.RepositoryConfigurationDelegate : Bootstrapping Spring Data JPA repositories in DEFAULT mode.
2022-05-10 00:39:07.104  INFO 6972 --- [    Test worker] .s.d.r.c.RepositoryConfigurationDelegate : Finished Spring Data repository scanning in 7 ms. Found 0 JPA repository interfaces.
2022-05-10 00:39:07.665  INFO 6972 --- [    Test worker] o.hibernate.jpa.internal.util.LogHelper  : HHH000204: Processing PersistenceUnitInfo [name: default]
2022-05-10 00:39:07.727  INFO 6972 --- [    Test worker] org.hibernate.Version                    : HHH000412: Hibernate ORM core version 5.6.8.Final
2022-05-10 00:39:07.935  INFO 6972 --- [    Test worker] o.hibernate.annotations.common.Version   : HCANN000001: Hibernate Commons Annotations {5.1.2.Final}
2022-05-10 00:39:08.085  INFO 6972 --- [    Test worker] com.zaxxer.hikari.HikariDataSource       : HikariPool-1 - Starting...
2022-05-10 00:39:08.431  INFO 6972 --- [    Test worker] com.zaxxer.hikari.HikariDataSource       : HikariPool-1 - Start completed.
2022-05-10 00:39:08.452  INFO 6972 --- [    Test worker] org.hibernate.dialect.Dialect            : HHH000400: Using dialect: org.hibernate.dialect.MySQL5InnoDBDialect
2022-05-10 00:39:09.125 DEBUG 6972 --- [    Test worker] org.hibernate.SQL                        : drop table if exists hibernate_sequence
Hibernate: drop table if exists hibernate_sequence
2022-05-10 00:39:09.158 DEBUG 6972 --- [    Test worker] org.hibernate.SQL                        : drop table if exists member
Hibernate: drop table if exists member
2022-05-10 00:39:09.177 DEBUG 6972 --- [    Test worker] org.hibernate.SQL                        : create table hibernate_sequence (next_val bigint) engine=InnoDB
Hibernate: create table hibernate_sequence (next_val bigint) engine=InnoDB
2022-05-10 00:39:09.202 DEBUG 6972 --- [    Test worker] org.hibernate.SQL                        : insert into hibernate_sequence values ( 1 )
Hibernate: insert into hibernate_sequence values ( 1 )
2022-05-10 00:39:09.206 DEBUG 6972 --- [    Test worker] org.hibernate.SQL                        : create table member (user_id bigint not null, area varchar(255), email varchar(255), nick varchar(255), phone varchar(255), pw varchar(255), primary key (user_id)) engine=InnoDB
Hibernate: create table member (user_id bigint not null, area varchar(255), email varchar(255), nick varchar(255), phone varchar(255), pw varchar(255), primary key (user_id)) engine=InnoDB
2022-05-10 00:39:09.230  INFO 6972 --- [    Test worker] o.h.e.t.j.p.i.JtaPlatformInitiator       : HHH000490: Using JtaPlatform implementation: [org.hibernate.engine.transaction.jta.platform.internal.NoJtaPlatform]
2022-05-10 00:39:09.238  INFO 6972 --- [    Test worker] j.LocalContainerEntityManagerFactoryBean : Initialized JPA EntityManagerFactory for persistence unit 'default'
2022-05-10 00:39:09.835  INFO 6972 --- [    Test worker] o.s.b.a.w.s.WelcomePageHandlerMapping    : Adding welcome page: class path resource [static/index.html]
2022-05-10 00:39:09.984  WARN 6972 --- [    Test worker] ion$DefaultTemplateResolverConfiguration : Cannot find template location: classpath:/templates/ (please add some templates or check your Thymeleaf configuration)
2022-05-10 00:39:10.182  INFO 6972 --- [    Test worker] f.delivery.member.MemberServiceTest      : Started MemberServiceTest in 4.084 seconds (JVM running for 5.285)
2022-05-10 00:39:10.281  INFO 6972 --- [    Test worker] o.s.t.c.transaction.TransactionContext   : Began transaction (1) for test context [DefaultTestContext@2a2bb0eb testClass = MemberServiceTest, testInstance = footprints.delivery.member.MemberServiceTest@7e69bf78, testMethod = save@MemberServiceTest, testException = [null], mergedContextConfiguration = [WebMergedContextConfiguration@3c291aad testClass = MemberServiceTest, locations = '{}', classes = '{class footprints.delivery.DeliveryApplication}', contextInitializerClasses = '[]', activeProfiles = '{}', propertySourceLocations = '{}', propertySourceProperties = '{org.springframework.boot.test.context.SpringBootTestContextBootstrapper=true}', contextCustomizers = set[org.springframework.boot.test.autoconfigure.actuate.metrics.MetricsExportContextCustomizerFactory$DisableMetricExportContextCustomizer@25b2cfcb, org.springframework.boot.test.autoconfigure.properties.PropertyMappingContextCustomizer@0, org.springframework.boot.test.autoconfigure.web.servlet.WebDriverContextCustomizerFactory$Customizer@4504d271, org.springframework.boot.test.context.filter.ExcludeFilterContextCustomizer@2b5825fa, org.springframework.boot.test.json.DuplicateJsonObjectContextCustomizerFactory$DuplicateJsonObjectContextCustomizer@163d04ff, org.springframework.boot.test.mock.mockito.MockitoContextCustomizer@0, org.springframework.boot.test.web.client.TestRestTemplateContextCustomizer@79145d5a, org.springframework.boot.test.context.SpringBootTestArgs@1, org.springframework.boot.test.context.SpringBootTestWebEnvironment@7905a0b8], resourceBasePath = 'src/main/webapp', contextLoader = 'org.springframework.boot.test.context.SpringBootContextLoader', parent = [null]], attributes = map['org.springframework.test.context.web.ServletTestExecutionListener.activateListener' -> true, 'org.springframework.test.context.web.ServletTestExecutionListener.populatedRequestContextHolder' -> true, 'org.springframework.test.context.web.ServletTestExecutionListener.resetRequestContextHolder' -> true, 'org.springframework.test.context.event.ApplicationEventsTestExecutionListener.recordApplicationEvents' -> false]]; transaction manager [org.springframework.orm.jpa.JpaTransactionManager@1bd6638]; rollback [false]
2022-05-10 00:39:10.420 DEBUG 6972 --- [    Test worker] org.hibernate.SQL                        : select next_val as id_val from hibernate_sequence for update
Hibernate: select next_val as id_val from hibernate_sequence for update
2022-05-10 00:39:10.449 DEBUG 6972 --- [    Test worker] org.hibernate.SQL                        : update hibernate_sequence set next_val= ? where next_val=?
Hibernate: update hibernate_sequence set next_val= ? where next_val=?
2022-05-10 00:39:10.486 DEBUG 6972 --- [    Test worker] org.hibernate.SQL                        : insert into member (area, email, nick, phone, pw, user_id) values (?, ?, ?, ?, ?, ?)
Hibernate: insert into member (area, email, nick, phone, pw, user_id) values (?, ?, ?, ?, ?, ?)
2022-05-10 00:39:10.490 TRACE 6972 --- [    Test worker] o.h.type.descriptor.sql.BasicBinder      : binding parameter [1] as [VARCHAR] - [은평구]
2022-05-10 00:39:10.490 TRACE 6972 --- [    Test worker] o.h.type.descriptor.sql.BasicBinder      : binding parameter [2] as [VARCHAR] - [Hyuk]
2022-05-10 00:39:10.490 TRACE 6972 --- [    Test worker] o.h.type.descriptor.sql.BasicBinder      : binding parameter [3] as [VARCHAR] - [HHJ]
2022-05-10 00:39:10.491 TRACE 6972 --- [    Test worker] o.h.type.descriptor.sql.BasicBinder      : binding parameter [4] as [VARCHAR] - [9052]
2022-05-10 00:39:10.491 TRACE 6972 --- [    Test worker] o.h.type.descriptor.sql.BasicBinder      : binding parameter [5] as [VARCHAR] - [1234]
2022-05-10 00:39:10.491 TRACE 6972 --- [    Test worker] o.h.type.descriptor.sql.BasicBinder      : binding parameter [6] as [BIGINT] - [1]
2022-05-10 00:39:10.500  INFO 6972 --- [    Test worker] o.s.t.c.transaction.TransactionContext   : Committed transaction for test: [DefaultTestContext@2a2bb0eb testClass = MemberServiceTest, testInstance = footprints.delivery.member.MemberServiceTest@7e69bf78, testMethod = save@MemberServiceTest, testException = [null], mergedContextConfiguration = [WebMergedContextConfiguration@3c291aad testClass = MemberServiceTest, locations = '{}', classes = '{class footprints.delivery.DeliveryApplication}', contextInitializerClasses = '[]', activeProfiles = '{}', propertySourceLocations = '{}', propertySourceProperties = '{org.springframework.boot.test.context.SpringBootTestContextBootstrapper=true}', contextCustomizers = set[org.springframework.boot.test.autoconfigure.actuate.metrics.MetricsExportContextCustomizerFactory$DisableMetricExportContextCustomizer@25b2cfcb, org.springframework.boot.test.autoconfigure.properties.PropertyMappingContextCustomizer@0, org.springframework.boot.test.autoconfigure.web.servlet.WebDriverContextCustomizerFactory$Customizer@4504d271, org.springframework.boot.test.context.filter.ExcludeFilterContextCustomizer@2b5825fa, org.springframework.boot.test.json.DuplicateJsonObjectContextCustomizerFactory$DuplicateJsonObjectContextCustomizer@163d04ff, org.springframework.boot.test.mock.mockito.MockitoContextCustomizer@0, org.springframework.boot.test.web.client.TestRestTemplateContextCustomizer@79145d5a, org.springframework.boot.test.context.SpringBootTestArgs@1, org.springframework.boot.test.context.SpringBootTestWebEnvironment@7905a0b8], resourceBasePath = 'src/main/webapp', contextLoader = 'org.springframework.boot.test.context.SpringBootContextLoader', parent = [null]], attributes = map['org.springframework.test.context.web.ServletTestExecutionListener.activateListener' -> true, 'org.springframework.test.context.web.ServletTestExecutionListener.populatedRequestContextHolder' -> true, 'org.springframework.test.context.web.ServletTestExecutionListener.resetRequestContextHolder' -> true, 'org.springframework.test.context.event.ApplicationEventsTestExecutionListener.recordApplicationEvents' -> false]]
]]></system-out>
  <system-err><![CDATA[]]></system-err>
</testsuite>
